fail_unresolved.ml[6:3 ..6:7]: error (E1001)
  Variable not in scope: `foo_0`

  Arising from use of the expression
  │ 
6 │   foo_0
  │   ^^^^^
fail_unresolved.ml[13:9 ..13:13]: error (E1001)
  Type not in scope: `foo_0`

  Arising from use of the type
   │ 
13 │ let _ : foo_0 = ()
   │         ^^^^^
fail_unresolved.ml[18:9 ..18:12]: error (E1001)
  Constructor not in scope: `Foo0`

  Arising from use of the expression
   │ 
18 │ let _ = Foo0
   │         ^^^^
fail_unresolved.ml[21:44 ..21:49]: error (E1001)
  Type variable not in scope: `foo_0`

  Arising from use of the type
   │ 
21 │ let _ : forall 'foo_1 'foo_2 'bar_0. () -> 'foo_0 = ()
   │                                            ^^^^^^
